<?xml version="1.0" encoding="UTF-8"?>
<testng-results skipped="0" failed="0" ignored="0" total="1" passed="1">
  <reporter-output>
  </reporter-output>
  <suite name="Default suite" duration-ms="51304" started-at="2020-01-17T22:22:57 IST" finished-at="2020-01-17T22:23:49 IST">
    <groups>
    </groups>
    <test name="Default test" duration-ms="51304" started-at="2020-01-17T22:22:57 IST" finished-at="2020-01-17T22:23:49 IST">
      <class name="DriverFactory.AppTest">
        <test-method status="PASS" signature="kickStart()[pri:0, instance:DriverFactory.AppTest@63753b6d]" name="kickStart" duration-ms="51193" started-at="2020-01-17T22:22:57 IST" finished-at="2020-01-17T22:23:48 IST">
          <reporter-output>
          </reporter-output>
        </test-method> <!-- kickStart -->
      </class> <!-- DriverFactory.AppTest -->
    </test> <!-- Default test -->
  </suite> <!-- Default suite -->
</testng-results>
