<?xml version="1.0" encoding="UTF-8"?>
<testng-results skipped="0" failed="0" ignored="0" total="1" passed="1">
  <reporter-output>
  </reporter-output>
  <suite name="Default suite" duration-ms="105" started-at="2020-01-21T11:05:52 IST" finished-at="2020-01-21T11:05:52 IST">
    <groups>
    </groups>
    <test name="Default test" duration-ms="105" started-at="2020-01-21T11:05:52 IST" finished-at="2020-01-21T11:05:52 IST">
      <class name="DriverFactory.AppTest">
        <test-method status="PASS" signature="kickStart()[pri:0, instance:DriverFactory.AppTest@31610302]" name="kickStart" duration-ms="29" started-at="2020-01-21T11:05:52 IST" finished-at="2020-01-21T11:05:52 IST">
          <reporter-output>
          </reporter-output>
        </test-method> <!-- kickStart -->
      </class> <!-- DriverFactory.AppTest -->
    </test> <!-- Default test -->
  </suite> <!-- Default suite -->
</testng-results>
