<?xml version="1.0" encoding="UTF-8"?>
<!-- Generated by org.testng.reporters.JUnitXMLReporter -->
<testsuite hostname="system11" ignored="2" name="Sample" tests="2" failures="0" timestamp="28 Sep 2019 03:18:22 GMT" time="0.047" errors="0">
  <testcase name="smoke" time="0.016" classname="VasuTestNg.GroupTest1"/>
  <testcase name="smoke" time="0.0" classname="VasuTestNg.GroupTest2"/>
  <testcase name="reg" time="0.0" classname="VasuTestNg.GroupTest1">
    <ignored/>
  </testcase> <!-- reg -->
  <testcase name="fun" time="0.0" classname="VasuTestNg.GroupTest2">
    <ignored/>
  </testcase> <!-- fun -->
</testsuite> <!-- Sample -->
